<?xml version="1.0" encoding="UTF-8"?>
<!-- Generated by org.testng.reporters.JUnitReportReporter -->
<testsuite hostname="Krishnas-MacBook-Pro.local" failures="0" tests="5" name="com.APITesting.UserAPIController.TestCase.UserAPIRequest" time="2.930" errors="0" timestamp="2024-02-21T20:07:49 EST" skipped="0">
  <testcase classname="com.APITesting.UserAPIController.TestCase.UserAPIRequest" name="postUsers" time="0.348"/>
  <system-out/>
  <testcase classname="com.APITesting.UserAPIController.TestCase.UserAPIRequest" name="postUsers" time="0.318"/>
  <system-out/>
  <testcase classname="com.APITesting.UserAPIController.TestCase.UserAPIRequest" name="postUsers" time="1.640"/>
  <system-out/>
  <testcase classname="com.APITesting.UserAPIController.TestCase.UserAPIRequest" name="postUsers" time="0.316"/>
  <system-out/>
  <testcase classname="com.APITesting.UserAPIController.TestCase.UserAPIRequest" name="postUsers" time="0.308"/>
  <system-out/>
</testsuite> <!-- com.APITesting.UserAPIController.TestCase.UserAPIRequest -->
